build/app/outputs/mapping/release/mapping.txt
# compiler: R8
# compiler_version: 2.1.62
# min_api: 16
# pg_map_id: d80fe1d
# common_typos_disable
...
io.flutter.plugin.platform.VirtualDisplayController$1$1 -> io.flutter.plugin.platform.l$a$a:
    io.flutter.plugin.platform.VirtualDisplayController$1 this$1 -> a
io.flutter.plugin.platform.VirtualDisplayController$OneTimeOnDrawListener -> io.flutter.plugin.platform.l$b:
    java.lang.Runnable mOnDrawRunnable -> b
    android.view.View mView -> a
    void schedule(android.view.View,java.lang.Runnable) -> a
io.flutter.plugin.platform.VirtualDisplayController$OneTimeOnDrawListener$1 -> io.flutter.plugin.platform.l$b$a:
    io.flutter.plugin.platform.VirtualDisplayController$OneTimeOnDrawListener this$0 -> a
io.flutter.plugins.pathprovider.-$$Lambda$PathProviderPlugin$2oMgd4TC7mULejdCrOX_GmYkWos -> io.flutter.plugins.a.a:
    java.util.concurrent.Callable f$1 -> b
    com.google.common.util.concurrent.SettableFuture f$0 -> a
io.flutter.plugins.pathprovider.-$$Lambda$PathProviderPlugin$5s-JFlMrfOGCQCE8M3Y8DVFEhwU -> io.flutter.plugins.a.b:
    io.flutter.plugins.pathprovider.PathProviderPlugin f$0 -> a
io.flutter.plugins.pathprovider.-$$Lambda$PathProviderPlugin$CJlwBgolP-gcJ-wSR8K6h4qVNOA -> io.flutter.plugins.a.c:
    io.flutter.plugins.pathprovider.PathProviderPlugin f$0 -> a
io.flutter.plugins.pathprovider.-$$Lambda$PathProviderPlugin$IZin3l5MWY4l6eD7ZtQgjKtT1hc -> io.flutter.plugins.a.d:
    io.flutter.plugins.pathprovider.PathProviderPlugin f$0 -> a
io.flutter.plugins.pathprovider.-$$Lambda$PathProviderPlugin$N4WJ0HL0v4x0exnOQtNfJdsKbGw -> io.flutter.plugins.a.e:
    io.flutter.plugins.pathprovider.PathProviderPlugin f$0 -> a
io.flutter.plugins.pathprovider.-$$Lambda$PathProviderPlugin$bvBk1bNR9bsJIR36rB5HlHH1CJA -> io.flutter.plugins.a.f:
    io.flutter.plugins.pathprovider.PathProviderPlugin f$0 -> a
    java.lang.String f$1 -> b
io.flutter.plugins.pathprovider.-$$Lambda$PathProviderPlugin$jnrabx82K3N5SzKW3joSakgMXrA -> io.flutter.plugins.a.g:
    io.flutter.plugins.pathprovider.PathProviderPlugin f$0 -> a
io.flutter.plugins.pathprovider.PathProviderPlugin -> io.flutter.plugins.a.h:
    android.content.Context context -> a
    java.util.concurrent.Executor uiThreadExecutor -> c
    java.util.concurrent.Executor executor -> d
    io.flutter.plugin.common.MethodChannel channel -> b
    void onDetachedFromEngine(io.flutter.embedding.engine.plugins.FlutterPlugin$FlutterPluginBinding) -> a
    void onMethodCall(io.flutter.plugin.common.MethodCall,io.flutter.plugin.common.MethodChannel$Result) -> b
    void onAttachedToEngine(io.flutter.embedding.engine.plugins.FlutterPlugin$FlutterPluginBinding) -> c
    void executeInBackground(java.util.concurrent.Callable,io.flutter.plugin.common.MethodChannel$Result) -> d
    java.lang.String getApplicationSupportDirectory() -> e
    java.lang.String getPathProviderApplicationDocumentsDirectory() -> f
    java.util.List getPathProviderExternalCacheDirectories() -> g
    java.util.List getPathProviderExternalStorageDirectories(java.lang.String) -> h
    java.lang.String getPathProviderStorageDirectory() -> i
    java.lang.String getPathProviderTemporaryDirectory() -> j
    void lambda$executeInBackground$0(com.google.common.util.concurrent.SettableFuture,java.util.concurrent.Callable) -> k
    java.lang.String lambda$onMethodCall$1() -> l
    java.lang.String lambda$onMethodCall$1$PathProviderPlugin() -> m
    java.lang.String lambda$onMethodCall$2() -> n
    java.lang.String lambda$onMethodCall$2$PathProviderPlugin() -> o
io.flutter.plugins.pathprovider.PathProviderPlugin$1 -> io.flutter.plugins.a.h$a:
    io.flutter.plugin.common.MethodChannel$Result val$result -> a
    void onFailure(java.lang.Throwable) -> a
    void onSuccess(java.lang.Object) -> b
io.flutter.plugins.pathprovider.PathProviderPlugin$UiThreadExecutor -> io.flutter.plugins.a.h$b:
    android.os.Handler handler -> a
io.flutter.plugins.pathprovider.StorageDirectoryMapper -> io.flutter.plugins.a.i:
    java.lang.String androidType(java.lang.Integer) -> a