build/app/outputs/mapping/release/usage.txt
com.souvikbiswas.inventory_apps.R$drawable
com.souvikbiswas.inventory_apps.R$layout
com.souvikbiswas.inventory_apps.R$dimen
com.souvikbiswas.inventory_apps.R$integer
com.souvikbiswas.inventory_apps.BuildConfig
com.souvikbiswas.inventory_apps.R$styleable
com.souvikbiswas.inventory_apps.R
com.souvikbiswas.inventory_apps.R$string
com.souvikbiswas.inventory_apps.R$id
com.souvikbiswas.inventory_apps.R$attr
com.souvikbiswas.inventory_apps.R$mipmap
com.souvikbiswas.inventory_apps.R$color
com.souvikbiswas.inventory_apps.R$style
...
androidx.fragment.R$style
androidx.core.database.CursorWindowCompat
com.google.common.collect.MapMakerInternalMap$StrongKeyStrongValueEntry$Helper
androidx.core.widget.CheckedTextViewCompat$Api16Impl
com.google.common.util.concurrent.Monitor
androidx.fragment.app.FragmentStatePagerAdapter
androidx.annotation.InspectableProperty$FlagEntry
com.google.common.io.BaseEncoding$4
io.flutter.embedding.android.FlutterActivity$NewEngineIntentBuilder
kotlin.jvm.internal.unsafe.MonitorKt
com.google.common.util.concurrent.AggregateFuture
com.google.common.html.HtmlEscapers
kotlin.collections.AbstractMutableMap
io.flutter.embedding.android.KeyboardManager:
    private static final java.lang.String TAG
kotlin.ranges.ClosedFloatingPointRange$DefaultImpls
com.google.common.graph.ConfigurableMutableNetwork
kotlin.reflect.KClassifier
androidx.fragment.app.FragmentManagerState
androidx.core.view.accessibility.AccessibilityNodeInfoCompat$RangeInfoCompat
com.google.common.base.CharMatcher$Invisible
androidx.core.widget.TextViewCompat$OreoCallback
com.google.common.cache.RemovalCause$2
com.google.common.collect.TreeMultiset$Reference
androidx.core.net.DatagramSocketWrapper
com.google.common.cache.LocalCache$EntryFactory$7
com.google.common.hash.LittleEndianByteArray$1
com.google.common.base.CharMatcher$JavaLetter
com.google.common.io.ByteSource$ConcatenatedByteSource
com.google.common.cache.CacheLoader$1
kotlin.collections.ArraysKt___ArraysJvmKt$asList$5
com.google.common.collect.Maps$MapDifferenceImpl
com.google.common.cache.CacheBuilderSpec$LongParser
androidx.core.view.inputmethod.InputConnectionCompat
kotlin.ULongArray$Iterator
androidx.core.app.NotificationCompat$Style
com.google.common.collect.Synchronized$SynchronizedBiMap
io.flutter.embedding.android.KeyChannelResponder:
    private static final java.lang.String TAG
com.google.common.collect.HashBiMap
com.google.common.collect.Sets$SubSet$1
kotlin.jvm.JvmClassMappingKt
com.google.common.io.package-info
com.google.thirdparty.publicsuffix.TrieParser
com.google.common.math.LongMath$MillerRabinTester
kotlin.collections.ArraysKt___ArraysKt$asSequence$$inlined$Sequence$6
androidx.core.R$layout
com.google.common.util.concurrent.AbstractScheduledService$Scheduler
com.google.common.collect.RegularContiguousSet$1
androidx.lifecycle.Transformations$2
androidx.lifecycle.ReflectiveGenericLifecycleObserver:
    void <init>(java.lang.Object)
com.google.common.collect.Sets$1$1
kotlin.BuilderInference
kotlin.jdk7.AutoCloseableKt
com.google.common.collect.Multisets$UnmodifiableMultiset
kotlin.LazyKt__LazyKt
kotlin.HashCodeKt
androidx.core.os.EnvironmentCompat
com.google.common.collect.MapMakerInternalMap$InternalEntryHelper
kotlin.math.MathKt__MathJVMKt
com.google.common.collect.ImmutableSortedMap
io.flutter.embedding.engine.systemchannels.NavigationChannel:
    public void setMethodCallHandler(io.flutter.plugin.common.MethodChannel$MethodCallHandler)
    private static final java.lang.String TAG
androidx.core.os.ProcessCompat
kotlin.sequences.SequencesKt___SequencesKt$zipWithNext$1
androidx.core.widget.TintableCompoundDrawablesView
com.google.common.base.CommonMatcher
com.google.common.util.concurrent.AbstractFuture:
    protected final boolean wasInterrupted()
    protected boolean setFuture(com.google.common.util.concurrent.ListenableFuture)
    final void maybePropagateCancellationTo(java.util.concurrent.Future)
    private static final long SPIN_THRESHOLD_NANOS
javax.annotation.WillNotClose
org.checkerframework.checker.nullness.compatqual.NonNullDecl
io.flutter.plugins.pathprovider.BuildConfig
com.google.common.util.concurrent.TimeoutFuture$1
org.checkerframework.checker.nullness.compatqual.PolyNullType
androidx.viewpager.widget.ViewPager$SavedState$1
com.google.common.collect.Iterables$6$1
com.google.common.collect.Multimaps$Entries
com.google.common.collect.StandardRowSortedTable$RowSortedMap